<?xml version="1.0" encoding="UTF-8" standalone="yes"?>
<ns2:test-suite start="1518017973535" stop="1518017987698" xmlns:ns2="urn:model.allure.qatools.yandex.ru">
    <name>Surefire suite : Surefire test</name>
    <title>Surefire suite : Surefire test</title>
    <test-cases>
        <test-case start="1518017973826" stop="1518017982189" status="passed">
            <name>getUserDataByPageTest</name>
            <steps>
                <step start="1518017973784" stop="1518017973792" status="passed">
                    <name>info[Test: class org.testng.internal.TestResult getUserDataByPageTest is started]</name>
                    <attachments/>
                    <steps/>
                </step>
                <step start="1518017973827" stop="1518017973828" status="passed">
                    <name>info[Verify user data is present on page в„–: 3]</name>
                    <attachments/>
                    <steps/>
                </step>
                <step start="1518017982183" stop="1518017982184" status="passed">
                    <name>info[Test: class org.testng.internal.TestResult getUserDataByPageTest PASSED]</name>
                    <attachments/>
                    <steps/>
                </step>
            </steps>
            <attachments/>
            <labels>
                <label name="host" value="EPUALVIW0287"/>
                <label name="thread" value="11616@EPUALVIW0287.main(1)"/>
            </labels>
        </test-case>
        <test-case start="1518017982193" stop="1518017983433" status="passed">
            <name>verifyResourceDataById</name>
            <steps>
                <step start="1518017982190" stop="1518017982191" status="passed">
                    <name>info[Test: class org.testng.internal.TestResult verifyResourceDataById is started]</name>
                    <attachments/>
                    <steps/>
                </step>
                <step start="1518017982193" stop="1518017982193" status="passed">
                    <name>info[Verify resource with id: 3 has name - true red, year - 2002 and color - #BF1932]</name>
                    <attachments/>
                    <steps/>
                </step>
                <step start="1518017983433" stop="1518017983433" status="passed">
                    <name>info[Test: class org.testng.internal.TestResult verifyResourceDataById PASSED]</name>
                    <attachments/>
                    <steps/>
                </step>
            </steps>
            <attachments/>
            <labels>
                <label name="host" value="EPUALVIW0287"/>
                <label name="thread" value="11616@EPUALVIW0287.main(1)"/>
            </labels>
        </test-case>
        <test-case start="1518017983435" stop="1518017984045" status="passed">
            <name>verifyUnsuccessfulLogin</name>
            <steps>
                <step start="1518017983434" stop="1518017983434" status="passed">
                    <name>info[Test: class org.testng.internal.TestResult verifyUnsuccessfulLogin is started]</name>
                    <attachments/>
                    <steps/>
                </step>
                <step start="1518017983441" stop="1518017983442" status="passed">
                    <name>info[Verify unsuccessful login by sending only  password parameter: aaaail]</name>
                    <attachments/>
                    <steps/>
                </step>
                <step start="1518017984045" stop="1518017984045" status="passed">
                    <name>info[Test: class org.testng.internal.TestResult verifyUnsuccessfulLogin PASSED]</name>
                    <attachments/>
                    <steps/>
                </step>
            </steps>
            <attachments/>
            <labels>
                <label name="host" value="EPUALVIW0287"/>
                <label name="thread" value="11616@EPUALVIW0287.main(1)"/>
            </labels>
        </test-case>
        <test-case start="1518017984047" stop="1518017984579" status="passed">
            <name>verifyUserAbsenceById</name>
            <steps>
                <step start="1518017984046" stop="1518017984046" status="passed">
                    <name>info[Test: class org.testng.internal.TestResult verifyUserAbsenceById is started]</name>
                    <attachments/>
                    <steps/>
                </step>
                <step start="1518017984047" stop="1518017984047" status="passed">
                    <name>info[Verify user with id: 100 does not exists]</name>
                    <attachments/>
                    <steps/>
                </step>
                <step start="1518017984579" stop="1518017984579" status="passed">
                    <name>info[Test: class org.testng.internal.TestResult verifyUserAbsenceById PASSED]</name>
                    <attachments/>
                    <steps/>
                </step>
            </steps>
            <attachments/>
            <labels>
                <label name="host" value="EPUALVIW0287"/>
                <label name="thread" value="11616@EPUALVIW0287.main(1)"/>
            </labels>
        </test-case>
        <test-case start="1518017984582" stop="1518017985035" status="passed">
            <name>verifyUserCreation</name>
            <steps>
                <step start="1518017984580" stop="1518017984581" status="passed">
                    <name>info[Test: class org.testng.internal.TestResult verifyUserCreation is started]</name>
                    <attachments/>
                    <steps/>
                </step>
                <step start="1518017984582" stop="1518017984582" status="passed">
                    <name>info[Verify user creation with name: Alexh and jobmanager]</name>
                    <attachments/>
                    <steps/>
                </step>
                <step start="1518017985035" stop="1518017985035" status="passed">
                    <name>info[Test: class org.testng.internal.TestResult verifyUserCreation PASSED]</name>
                    <attachments/>
                    <steps/>
                </step>
            </steps>
            <attachments/>
            <labels>
                <label name="host" value="EPUALVIW0287"/>
                <label name="thread" value="11616@EPUALVIW0287.main(1)"/>
            </labels>
        </test-case>
        <test-case start="1518017985037" stop="1518017985408" status="passed">
            <name>verifyUserDeleteById</name>
            <steps>
                <step start="1518017985036" stop="1518017985036" status="passed">
                    <name>info[Test: class org.testng.internal.TestResult verifyUserDeleteById is started]</name>
                    <attachments/>
                    <steps/>
                </step>
                <step start="1518017985037" stop="1518017985037" status="passed">
                    <name>info[Verify user delete by id: 2]</name>
                    <attachments/>
                    <steps/>
                </step>
                <step start="1518017985408" stop="1518017985408" status="passed">
                    <name>info[Test: class org.testng.internal.TestResult verifyUserDeleteById PASSED]</name>
                    <attachments/>
                    <steps/>
                </step>
            </steps>
            <attachments/>
            <labels>
                <label name="host" value="EPUALVIW0287"/>
                <label name="thread" value="11616@EPUALVIW0287.main(1)"/>
            </labels>
        </test-case>
        <test-case start="1518017985411" stop="1518017985843" status="passed">
            <name>verifyUserNamesById</name>
            <steps>
                <step start="1518017985409" stop="1518017985410" status="passed">
                    <name>info[Test: class org.testng.internal.TestResult verifyUserNamesById is started]</name>
                    <attachments/>
                    <steps/>
                </step>
                <step start="1518017985411" stop="1518017985411" status="passed">
                    <name>info[Verify user with id: 5has firstName - Charles and lastName Morris]</name>
                    <attachments/>
                    <steps/>
                </step>
                <step start="1518017985843" stop="1518017985843" status="passed">
                    <name>info[Test: class org.testng.internal.TestResult verifyUserNamesById PASSED]</name>
                    <attachments/>
                    <steps/>
                </step>
            </steps>
            <attachments/>
            <labels>
                <label name="host" value="EPUALVIW0287"/>
                <label name="thread" value="11616@EPUALVIW0287.main(1)"/>
            </labels>
        </test-case>
        <test-case start="1518017985845" stop="1518017986380" status="passed">
            <name>verifyUserPresenceById</name>
            <steps>
                <step start="1518017985844" stop="1518017985844" status="passed">
                    <name>info[Test: class org.testng.internal.TestResult verifyUserPresenceById is started]</name>
                    <attachments/>
                    <steps/>
                </step>
                <step start="1518017985845" stop="1518017985845" status="passed">
                    <name>info[Verify user with id: 3exists]</name>
                    <attachments/>
                    <steps/>
                </step>
                <step start="1518017986379" stop="1518017986379" status="passed">
                    <name>info[Test: class org.testng.internal.TestResult verifyUserPresenceById PASSED]</name>
                    <attachments/>
                    <steps/>
                </step>
            </steps>
            <attachments/>
            <labels>
                <label name="host" value="EPUALVIW0287"/>
                <label name="thread" value="11616@EPUALVIW0287.main(1)"/>
            </labels>
        </test-case>
        <test-case start="1518017986381" stop="1518017986973" status="passed">
            <name>verifyUserUpdate</name>
            <steps>
                <step start="1518017986380" stop="1518017986380" status="passed">
                    <name>info[Test: class org.testng.internal.TestResult verifyUserUpdate is started]</name>
                    <attachments/>
                    <steps/>
                </step>
                <step start="1518017986382" stop="1518017986382" status="passed">
                    <name>info[Verify user update with name: Alex and jobmanager]</name>
                    <attachments/>
                    <steps/>
                </step>
                <step start="1518017986972" stop="1518017986973" status="passed">
                    <name>info[Test: class org.testng.internal.TestResult verifyUserUpdate PASSED]</name>
                    <attachments/>
                    <steps/>
                </step>
            </steps>
            <attachments/>
            <labels>
                <label name="host" value="EPUALVIW0287"/>
                <label name="thread" value="11616@EPUALVIW0287.main(1)"/>
            </labels>
        </test-case>
        <test-case start="1518017986975" stop="1518017987615" status="passed">
            <name>verifyUsersAmountOnPage</name>
            <steps>
                <step start="1518017986974" stop="1518017986974" status="passed">
                    <name>info[Test: class org.testng.internal.TestResult verifyUsersAmountOnPage is started]</name>
                    <attachments/>
                    <steps/>
                </step>
                <step start="1518017986975" stop="1518017986975" status="passed">
                    <name>info[Verify: on page в„–: 1 are 3 users]</name>
                    <attachments/>
                    <steps/>
                </step>
                <step start="1518017987615" stop="1518017987615" status="passed">
                    <name>info[Test: class org.testng.internal.TestResult verifyUsersAmountOnPage PASSED]</name>
                    <attachments/>
                    <steps/>
                </step>
            </steps>
            <attachments/>
            <labels>
                <label name="host" value="EPUALVIW0287"/>
                <label name="thread" value="11616@EPUALVIW0287.main(1)"/>
            </labels>
        </test-case>
        <test-case start="1518017987619" stop="1518017987622" status="broken">
            <name>afterMethod</name>
            <description>@AfterClass</description>
            <failure>
                <message>NullPointerException: null</message>
                <stack-trace>java.lang.NullPointerException
	at ui.driver.Driver.quit(Driver.java:59)
	at apitest.BaseTest.afterMethod(BaseTest.java:29)
	at sun.reflect.NativeMethodAccessorImpl.invoke0(Native Method)
	at sun.reflect.NativeMethodAccessorImpl.invoke(NativeMethodAccessorImpl.java:62)
	at sun.reflect.DelegatingMethodAccessorImpl.invoke(DelegatingMethodAccessorImpl.java:43)
	at java.lang.reflect.Method.invoke(Method.java:498)
	at org.testng.internal.MethodInvocationHelper.invokeMethod(MethodInvocationHelper.java:124)
	at org.testng.internal.MethodInvocationHelper.invokeMethodConsideringTimeout(MethodInvocationHelper.java:59)
	at org.testng.internal.Invoker.invokeConfigurationMethod(Invoker.java:451)
	at org.testng.internal.Invoker.invokeConfigurations(Invoker.java:222)
	at org.testng.internal.Invoker.invokeConfigurations(Invoker.java:142)
	at org.testng.internal.TestMethodWorker.invokeAfterClassMethods(TestMethodWorker.java:208)
	at org.testng.internal.TestMethodWorker.run(TestMethodWorker.java:111)
	at org.testng.TestRunner.privateRun(TestRunner.java:648)
	at org.testng.TestRunner.run(TestRunner.java:505)
	at org.testng.SuiteRunner.runTest(SuiteRunner.java:455)
	at org.testng.SuiteRunner.runSequentially(SuiteRunner.java:450)
	at org.testng.SuiteRunner.privateRun(SuiteRunner.java:415)
	at org.testng.SuiteRunner.run(SuiteRunner.java:364)
	at org.testng.SuiteRunnerWorker.runSuite(SuiteRunnerWorker.java:52)
	at org.testng.SuiteRunnerWorker.run(SuiteRunnerWorker.java:84)
	at org.testng.TestNG.runSuitesSequentially(TestNG.java:1187)
	at org.testng.TestNG.runSuitesLocally(TestNG.java:1116)
	at org.testng.TestNG.runSuites(TestNG.java:1028)
	at org.testng.TestNG.run(TestNG.java:996)
	at org.apache.maven.surefire.testng.TestNGExecutor.run(TestNGExecutor.java:135)
	at org.apache.maven.surefire.testng.TestNGDirectoryTestSuite.executeMulti(TestNGDirectoryTestSuite.java:193)
	at org.apache.maven.surefire.testng.TestNGDirectoryTestSuite.execute(TestNGDirectoryTestSuite.java:94)
	at org.apache.maven.surefire.testng.TestNGProvider.invoke(TestNGProvider.java:146)
	at org.apache.maven.surefire.booter.ForkedBooter.invokeProviderInSameClassLoader(ForkedBooter.java:386)
	at org.apache.maven.surefire.booter.ForkedBooter.runSuitesInProcess(ForkedBooter.java:323)
	at org.apache.maven.surefire.booter.ForkedBooter.main(ForkedBooter.java:143)
</stack-trace>
            </failure>
            <steps/>
            <attachments/>
            <labels>
                <label name="host" value="EPUALVIW0287"/>
                <label name="thread" value="11616@EPUALVIW0287.main(1)"/>
            </labels>
        </test-case>
        <test-case start="1518017987634" stop="1518017987635" status="canceled">
            <name>beforeMethod</name>
            <description>@BeforeMethod</description>
            <failure>
                <message>: Skipped due to dependency on other skipped or failed test methods</message>
                <stack-trace>ru.yandex.qatools.allure.testng.AllureTestListener$1: Skipped due to dependency on other skipped or failed test methods
	at ru.yandex.qatools.allure.testng.AllureTestListener.fireTestCaseCancel(AllureTestListener.java:354)
	at ru.yandex.qatools.allure.testng.AllureTestListener.onConfigurationSkip(AllureTestListener.java:116)
	at org.testng.internal.TestListenerHelper.runPostConfigurationListeners(TestListenerHelper.java:37)
	at org.testng.internal.Invoker.runConfigurationListeners(Invoker.java:1374)
	at org.testng.internal.Invoker.handleConfigurationSkip(Invoker.java:250)
	at org.testng.internal.Invoker.invokeConfigurations(Invoker.java:200)
	at org.testng.internal.Invoker.invokeMethod(Invoker.java:516)
	at org.testng.internal.Invoker.invokeTestMethod(Invoker.java:707)
	at org.testng.internal.Invoker.invokeTestMethods(Invoker.java:979)
	at org.testng.internal.TestMethodWorker.invokeTestMethods(TestMethodWorker.java:125)
	at org.testng.internal.TestMethodWorker.run(TestMethodWorker.java:109)
	at org.testng.TestRunner.privateRun(TestRunner.java:648)
	at org.testng.TestRunner.run(TestRunner.java:505)
	at org.testng.SuiteRunner.runTest(SuiteRunner.java:455)
	at org.testng.SuiteRunner.runSequentially(SuiteRunner.java:450)
	at org.testng.SuiteRunner.privateRun(SuiteRunner.java:415)
	at org.testng.SuiteRunner.run(SuiteRunner.java:364)
	at org.testng.SuiteRunnerWorker.runSuite(SuiteRunnerWorker.java:52)
	at org.testng.SuiteRunnerWorker.run(SuiteRunnerWorker.java:84)
	at org.testng.TestNG.runSuitesSequentially(TestNG.java:1187)
	at org.testng.TestNG.runSuitesLocally(TestNG.java:1116)
	at org.testng.TestNG.runSuites(TestNG.java:1028)
	at org.testng.TestNG.run(TestNG.java:996)
	at org.apache.maven.surefire.testng.TestNGExecutor.run(TestNGExecutor.java:135)
	at org.apache.maven.surefire.testng.TestNGDirectoryTestSuite.executeMulti(TestNGDirectoryTestSuite.java:193)
	at org.apache.maven.surefire.testng.TestNGDirectoryTestSuite.execute(TestNGDirectoryTestSuite.java:94)
	at org.apache.maven.surefire.testng.TestNGProvider.invoke(TestNGProvider.java:146)
	at org.apache.maven.surefire.booter.ForkedBooter.invokeProviderInSameClassLoader(ForkedBooter.java:386)
	at org.apache.maven.surefire.booter.ForkedBooter.runSuitesInProcess(ForkedBooter.java:323)
	at org.apache.maven.surefire.booter.ForkedBooter.main(ForkedBooter.java:143)
</stack-trace>
            </failure>
            <steps/>
            <attachments/>
            <labels>
                <label name="host" value="EPUALVIW0287"/>
                <label name="thread" value="11616@EPUALVIW0287.main(1)"/>
            </labels>
        </test-case>
        <test-case start="1518017987638" stop="1518017987638" status="canceled">
            <name>test</name>
            <failure>
                <message>: Skipped due to dependency on other skipped or failed test methods</message>
                <stack-trace>ru.yandex.qatools.allure.testng.AllureTestListener$1: Skipped due to dependency on other skipped or failed test methods
	at ru.yandex.qatools.allure.testng.AllureTestListener.fireTestCaseCancel(AllureTestListener.java:354)
	at ru.yandex.qatools.allure.testng.AllureTestListener.onTestSkipped(AllureTestListener.java:171)
	at org.testng.internal.TestListenerHelper.runTestListeners(TestListenerHelper.java:61)
	at org.testng.internal.Invoker.runTestListeners(Invoker.java:1379)
	at org.testng.internal.Invoker.registerSkippedTestResult(Invoker.java:1053)
	at org.testng.internal.Invoker.invokeMethod(Invoker.java:522)
	at org.testng.internal.Invoker.invokeTestMethod(Invoker.java:707)
	at org.testng.internal.Invoker.invokeTestMethods(Invoker.java:979)
	at org.testng.internal.TestMethodWorker.invokeTestMethods(TestMethodWorker.java:125)
	at org.testng.internal.TestMethodWorker.run(TestMethodWorker.java:109)
	at org.testng.TestRunner.privateRun(TestRunner.java:648)
	at org.testng.TestRunner.run(TestRunner.java:505)
	at org.testng.SuiteRunner.runTest(SuiteRunner.java:455)
	at org.testng.SuiteRunner.runSequentially(SuiteRunner.java:450)
	at org.testng.SuiteRunner.privateRun(SuiteRunner.java:415)
	at org.testng.SuiteRunner.run(SuiteRunner.java:364)
	at org.testng.SuiteRunnerWorker.runSuite(SuiteRunnerWorker.java:52)
	at org.testng.SuiteRunnerWorker.run(SuiteRunnerWorker.java:84)
	at org.testng.TestNG.runSuitesSequentially(TestNG.java:1187)
	at org.testng.TestNG.runSuitesLocally(TestNG.java:1116)
	at org.testng.TestNG.runSuites(TestNG.java:1028)
	at org.testng.TestNG.run(TestNG.java:996)
	at org.apache.maven.surefire.testng.TestNGExecutor.run(TestNGExecutor.java:135)
	at org.apache.maven.surefire.testng.TestNGDirectoryTestSuite.executeMulti(TestNGDirectoryTestSuite.java:193)
	at org.apache.maven.surefire.testng.TestNGDirectoryTestSuite.execute(TestNGDirectoryTestSuite.java:94)
	at org.apache.maven.surefire.testng.TestNGProvider.invoke(TestNGProvider.java:146)
	at org.apache.maven.surefire.booter.ForkedBooter.invokeProviderInSameClassLoader(ForkedBooter.java:386)
	at org.apache.maven.surefire.booter.ForkedBooter.runSuitesInProcess(ForkedBooter.java:323)
	at org.apache.maven.surefire.booter.ForkedBooter.main(ForkedBooter.java:143)
</stack-trace>
            </failure>
            <steps/>
            <attachments/>
            <labels>
                <label name="host" value="EPUALVIW0287"/>
                <label name="thread" value="11616@EPUALVIW0287.main(1)"/>
            </labels>
        </test-case>
    </test-cases>
    <labels>
        <label name="framework" value="TestNG"/>
        <label name="language" value="JAVA"/>
    </labels>
</ns2:test-suite>
