<?xml version="1.0" encoding="UTF-8" standalone="yes"?>
<ns2:test-suite start="1518469020561" stop="1518469070549" xmlns:ns2="urn:model.allure.qatools.yandex.ru">
    <name>Default Suite : anna_romanyshyn_framework</name>
    <title>Default Suite : anna_romanyshyn_framework</title>
    <test-cases>
        <test-case start="1518469021331" stop="1518469068777" status="broken">
            <name>test</name>
            <failure>
                <message>IllegalArgumentException: Can not set ui.element.Element field ui.pageobject.industrialalliance.Mortgages.calculatePaymentButton to com.sun.proxy.$Proxy12</message>
                <stack-trace>java.lang.IllegalArgumentException: Can not set ui.element.Element field ui.pageobject.industrialalliance.Mortgages.calculatePaymentButton to com.sun.proxy.$Proxy12
	at sun.reflect.UnsafeFieldAccessorImpl.throwSetIllegalArgumentException(UnsafeFieldAccessorImpl.java:167)
	at sun.reflect.UnsafeFieldAccessorImpl.throwSetIllegalArgumentException(UnsafeFieldAccessorImpl.java:171)
	at sun.reflect.UnsafeObjectFieldAccessorImpl.set(UnsafeObjectFieldAccessorImpl.java:81)
	at java.lang.reflect.Field.set(Field.java:764)
	at org.openqa.selenium.support.PageFactory.proxyFields(PageFactory.java:117)
	at org.openqa.selenium.support.PageFactory.initElements(PageFactory.java:105)
	at org.openqa.selenium.support.PageFactory.initElements(PageFactory.java:92)
	at org.openqa.selenium.support.PageFactory.initElements(PageFactory.java:79)
	at ui.pageobject.BasePO.&lt;init&gt;(BasePO.java:11)
	at ui.pageobject.industrialalliance.ReqResBasePO.&lt;init&gt;(ReqResBasePO.java:8)
	at ui.pageobject.industrialalliance.Mortgages.&lt;init&gt;(Mortgages.java:7)
	at ui.pageobject.industrialalliance.LoansMenuPO.clickMortgagesLoan(LoansMenuPO.java:23)
	at uitest.Testing.test(Testing.java:28)
	at sun.reflect.NativeMethodAccessorImpl.invoke0(Native Method)
	at sun.reflect.NativeMethodAccessorImpl.invoke(NativeMethodAccessorImpl.java:62)
	at sun.reflect.DelegatingMethodAccessorImpl.invoke(DelegatingMethodAccessorImpl.java:43)
	at java.lang.reflect.Method.invoke(Method.java:498)
	at org.testng.internal.MethodInvocationHelper.invokeMethod(MethodInvocationHelper.java:124)
	at org.testng.internal.Invoker.invokeMethod(Invoker.java:571)
	at org.testng.internal.Invoker.invokeTestMethod(Invoker.java:707)
	at org.testng.internal.Invoker.invokeTestMethods(Invoker.java:979)
	at org.testng.internal.TestMethodWorker.invokeTestMethods(TestMethodWorker.java:125)
	at org.testng.internal.TestMethodWorker.run(TestMethodWorker.java:109)
	at org.testng.TestRunner.privateRun(TestRunner.java:648)
	at org.testng.TestRunner.run(TestRunner.java:505)
	at org.testng.SuiteRunner.runTest(SuiteRunner.java:455)
	at org.testng.SuiteRunner.runSequentially(SuiteRunner.java:450)
	at org.testng.SuiteRunner.privateRun(SuiteRunner.java:415)
	at org.testng.SuiteRunner.run(SuiteRunner.java:364)
	at org.testng.SuiteRunnerWorker.runSuite(SuiteRunnerWorker.java:52)
	at org.testng.SuiteRunnerWorker.run(SuiteRunnerWorker.java:84)
	at org.testng.TestNG.runSuitesSequentially(TestNG.java:1187)
	at org.testng.TestNG.runSuitesLocally(TestNG.java:1116)
	at org.testng.TestNG.runSuites(TestNG.java:1028)
	at org.testng.TestNG.run(TestNG.java:996)
	at org.testng.IDEARemoteTestNG.run(IDEARemoteTestNG.java:72)
	at org.testng.RemoteTestNGStarter.main(RemoteTestNGStarter.java:123)
</stack-trace>
            </failure>
            <steps>
                <step start="1518469021083" stop="1518469021131" status="passed">
                    <name>info[Test: class org.testng.internal.TestResult test is started]</name>
                </step>
                <step start="1518469051596" stop="1518469051596" status="passed">
                    <name>info[Open Individuals Tab]</name>
                </step>
                <step start="1518469060877" stop="1518469060877" status="passed">
                    <name>info[Open Loans Menu]</name>
                </step>
                <step start="1518469061611" stop="1518469061611" status="passed">
                    <name>info[Go to Mortgages]</name>
                </step>
            </steps>
            <attachments>
                <attachment title="Page screenshot" source="5d13313f-53c7-4fe1-acbd-61cca55655fc-attachment.png" type="image/png"/>
            </attachments>
            <labels>
                <label name="host" value="DESKTOP-7D24G14"/>
                <label name="thread" value="20960@DESKTOP-7D24G14.main(1)"/>
            </labels>
        </test-case>
    </test-cases>
    <labels>
        <label name="framework" value="TestNG"/>
        <label name="language" value="JAVA"/>
    </labels>
</ns2:test-suite>
